<?xml version='1.0'?>
<ns2:test-suite xmlns:ns2='urn:model.allure.qatools.yandex.ru' start='1666092312852' stop='1666092324500'>
    <name>Subject Test -T1 </name>
    <title>Subject Test -T1 </title>
    <test-cases>
        <test-case start='1666092312879' status='passed' stop='1666092316034'>
            <name>entering url -T1</name>
            <title>entering url -T1</title>
            <labels>
                <label name='language' value='javascript'/>
                <label name='framework' value='wdio'/>
                <label name='thread' value='0-0'/>
            </labels>
            <parameters>
                <parameter kind='argument' name='browser' value='chrome-106.0.5249.119'/>
            </parameters>
            <steps/>
            <attachments/>
        </test-case>
        <test-case start='1666092316035' status='passed' stop='1666092316945'>
            <name>providing login credentials and logging in -T1</name>
            <title>providing login credentials and logging in -T1</title>
            <labels>
                <label name='language' value='javascript'/>
                <label name='framework' value='wdio'/>
                <label name='thread' value='0-0'/>
            </labels>
            <parameters>
                <parameter kind='argument' name='browser' value='chrome-106.0.5249.119'/>
            </parameters>
            <steps/>
            <attachments/>
        </test-case>
        <test-case start='1666092316946' status='pending' stop='1666092316946'>
            <name>providing negative login credentials and logging in -T1</name>
            <title>providing negative login credentials and logging in -T1</title>
            <labels/>
            <parameters/>
            <steps/>
            <attachments/>
            <failure>
                <message>Test ignored</message>
                <stack-trace>undefined</stack-trace>
            </failure>
        </test-case>
        <test-case start='1666092316946' status='broken' stop='1666092323348'>
            <name>adding subject -T1 </name>
            <title>adding subject -T1 </title>
            <labels>
                <label name='language' value='javascript'/>
                <label name='framework' value='wdio'/>
                <label name='thread' value='0-0'/>
            </labels>
            <parameters>
                <parameter kind='argument' name='browser' value='chrome-106.0.5249.119'/>
            </parameters>
            <steps/>
            <attachments>
                <attachment title='Screenshot' source='5b23d446-423d-40fb-b877-0ed6d0a28a98-attachment.png' type='image/png' size='48441'/>
            </attachments>
            <failure>
                <message>waitUntil condition failed with the following reason: elem[prop] is not a function</message>
                <stack-trace>Error: waitUntil condition failed with the following reason: elem[prop] is not a function
                    at D:\TYSS\webdriver io\node_modules\webdriverio\build\commands\browser\waitUntil.js:70:15
                    at async Browser.wrapCommandFn (D:\TYSS\webdriver io\node_modules\@wdio\utils\build\shim.js:137:29)
                    at async Context.&lt;anonymous> (D:\TYSS\webdriver io\test\specs\Test_Case_01.js:41:3)</stack-trace>
            </failure>
        </test-case>
        <test-case start='1666092323349' status='passed' stop='1666092323424'>
            <name>scroll in to view search box -T1</name>
            <title>scroll in to view search box -T1</title>
            <labels>
                <label name='language' value='javascript'/>
                <label name='framework' value='wdio'/>
                <label name='thread' value='0-0'/>
            </labels>
            <parameters>
                <parameter kind='argument' name='browser' value='chrome-106.0.5249.119'/>
            </parameters>
            <steps/>
            <attachments/>
        </test-case>
        <test-case start='1666092323426' status='passed' stop='1666092323784'>
            <name>searching for created subject-T1 </name>
            <title>searching for created subject-T1 </title>
            <labels>
                <label name='language' value='javascript'/>
                <label name='framework' value='wdio'/>
                <label name='thread' value='0-0'/>
            </labels>
            <parameters>
                <parameter kind='argument' name='browser' value='chrome-106.0.5249.119'/>
            </parameters>
            <steps/>
            <attachments/>
        </test-case>
        <test-case start='1666092323784' status='pending' stop='1666092323784'>
            <name>deleting created -T1 </name>
            <title>deleting created -T1 </title>
            <labels/>
            <parameters/>
            <steps/>
            <attachments/>
            <failure>
                <message>Test ignored</message>
                <stack-trace>undefined</stack-trace>
            </failure>
        </test-case>
        <test-case start='1666092323784' status='passed' stop='1666092324499'>
            <name>logout as admin -T1</name>
            <title>logout as admin -T1</title>
            <labels>
                <label name='language' value='javascript'/>
                <label name='framework' value='wdio'/>
                <label name='thread' value='0-0'/>
            </labels>
            <parameters>
                <parameter kind='argument' name='browser' value='chrome-106.0.5249.119'/>
            </parameters>
            <steps/>
            <attachments/>
        </test-case>
    </test-cases>
</ns2:test-suite>